<?xml version="1.0" encoding="UTF-8"?>
<testng-results ignored="0" total="1" passed="1" failed="0" skipped="0">
  <reporter-output>
  </reporter-output>
  <suite started-at="2020-11-15T06:06:12Z" name="Default suite" finished-at="2020-11-15T06:06:44Z" duration-ms="32012">
    <groups>
    </groups>
    <test started-at="2020-11-15T06:06:12Z" name="Default test" finished-at="2020-11-15T06:06:44Z" duration-ms="32012">
      <class name="com.shopper.test.RegistroConsumidorTest">
        <test-method is-config="true" signature="inicializar()[pri:0, instance:com.shopper.test.RegistroConsumidorTest@17b6d426]" started-at="2020-11-15T06:06:12Z" name="inicializar" finished-at="2020-11-15T06:06:19Z" duration-ms="6293" status="PASS">
          <reporter-output>
          </reporter-output>
        </test-method> <!-- inicializar -->
        <test-method signature="ingresarPortalConsumidor()[pri:0, instance:com.shopper.test.RegistroConsumidorTest@17b6d426]" started-at="2020-11-15T06:06:19Z" name="ingresarPortalConsumidor" description="Registro Portal Consumidor" finished-at="2020-11-15T06:06:44Z" duration-ms="24872" status="PASS">
          <reporter-output>
          </reporter-output>
        </test-method> <!-- ingresarPortalConsumidor -->
        <test-method is-config="true" signature="tearDown()[pri:0, instance:com.shopper.test.RegistroConsumidorTest@17b6d426]" started-at="2020-11-15T06:06:44Z" name="tearDown" finished-at="2020-11-15T06:06:44Z" duration-ms="676" status="PASS">
          <reporter-output>
          </reporter-output>
        </test-method> <!-- tearDown -->
      </class> <!-- com.shopper.test.RegistroConsumidorTest -->
    </test> <!-- Default test -->
  </suite> <!-- Default suite -->
</testng-results>
